[  0%] Built target _actionlib_tutorials_generate_messages_check_deps_FibonacciActionResult
[  0%] Built target _actionlib_tutorials_generate_messages_check_deps_FibonacciFeedback
[  0%] Built target _actionlib_tutorials_generate_messages_check_deps_AveragingActionGoal
[  0%] Built target _actionlib_tutorials_generate_messages_check_deps_AveragingGoal
[  0%] Built target _actionlib_tutorials_generate_messages_check_deps_FibonacciActionFeedback
[  0%] Built target _actionlib_tutorials_generate_messages_check_deps_AveragingActionFeedback
[  0%] Built target _actionlib_tutorials_generate_messages_check_deps_AveragingAction
[  0%] Built target _actionlib_tutorials_generate_messages_check_deps_FibonacciResult
[  0%] Built target _actionlib_tutorials_generate_messages_check_deps_AveragingResult
[  0%] Built target actionlib_msgs_generate_messages_lisp
[  0%] Built target _actionlib_tutorials_generate_messages_check_deps_AveragingActionResult
[  0%] Built target _actionlib_tutorials_generate_messages_check_deps_AveragingFeedback
[  0%] Built target _actionlib_tutorials_generate_messages_check_deps_FibonacciGoal
[  0%] Built target std_msgs_generate_messages_lisp
[  0%] Built target actionlib_msgs_generate_messages_cpp
[  0%] Built target _actionlib_tutorials_generate_messages_check_deps_FibonacciAction
[  0%] Built target _actionlib_tutorials_generate_messages_check_deps_FibonacciActionGoal
[  0%] Built target std_msgs_generate_messages_cpp
[  0%] Built target actionlib_msgs_generate_messages_py
[  0%] Built target std_msgs_generate_messages_py
[  0%] Built target actionlib_msgs_generate_messages_nodejs
[  0%] Built target std_msgs_generate_messages_nodejs
[  0%] Built target actionlib_msgs_generate_messages_eus
[  0%] Built target std_msgs_generate_messages_eus
[  2%] Built target averaging_server
[  5%] Built target averaging_client
[ 22%] Built target actionlib_tutorials_generate_messages_lisp
[ 40%] Built target actionlib_tutorials_generate_messages_cpp
[ 58%] Built target actionlib_tutorials_generate_messages_py
[ 76%] Built target actionlib_tutorials_generate_messages_nodejs
[ 95%] Built target actionlib_tutorials_generate_messages_eus
[ 97%] Built target fibonacci_server
[100%] Built target fibonacci_client
[100%] Built target actionlib_tutorials_generate_messages
