[  0%] Built target _actionlib_tutorials_generate_messages_check_deps_FibonacciActionResult
[  0%] Built target _actionlib_tutorials_generate_messages_check_deps_FibonacciFeedback
[  0%] Built target _actionlib_tutorials_generate_messages_check_deps_AveragingActionGoal
[  0%] Built target _actionlib_tutorials_generate_messages_check_deps_AveragingGoal
[  0%] Built target _actionlib_tutorials_generate_messages_check_deps_FibonacciActionFeedback
[  0%] Built target _actionlib_tutorials_generate_messages_check_deps_AveragingActionFeedback
[  0%] Built target _actionlib_tutorials_generate_messages_check_deps_AveragingAction
[  0%] Built target _actionlib_tutorials_generate_messages_check_deps_FibonacciResult
[  0%] Built target _actionlib_tutorials_generate_messages_check_deps_AveragingResult
[  0%] Built target actionlib_msgs_generate_messages_lisp
[  0%] Built target _actionlib_tutorials_generate_messages_check_deps_AveragingActionResult
[  0%] Built target _actionlib_tutorials_generate_messages_check_deps_AveragingFeedback
[  0%] Built target _actionlib_tutorials_generate_messages_check_deps_FibonacciGoal
[  0%] Built target _actionlib_tutorials_generate_messages_check_deps_FibonacciAction
[  0%] Built target _actionlib_tutorials_generate_messages_check_deps_FibonacciActionGoal
[  0%] Built target std_msgs_generate_messages_lisp
[  0%] Built target actionlib_msgs_generate_messages_cpp
[  0%] Built target std_msgs_generate_messages_cpp
[  0%] Built target actionlib_msgs_generate_messages_py
[  0%] Built target std_msgs_generate_messages_py
[  0%] Built target actionlib_msgs_generate_messages_nodejs
[  0%] Built target std_msgs_generate_messages_nodejs
[  0%] Built target actionlib_msgs_generate_messages_eus
[  0%] Built target std_msgs_generate_messages_eus
[35m[1mScanning dependencies of target averaging_server[0m
[  1%] [32mBuilding CXX object CMakeFiles/averaging_server.dir/src/averaging_server.cpp.o[0m
[  2%] [32m[1mLinking CXX executable /home/ying/wy_ws/devel/.private/actionlib_tutorials/lib/actionlib_tutorials/averaging_server[0m
[  2%] Built target averaging_server
[35m[1mScanning dependencies of target averaging_client[0m
[  3%] [32mBuilding CXX object CMakeFiles/averaging_client.dir/src/averaging_client.cpp.o[0m
[  5%] [32m[1mLinking CXX executable /home/ying/wy_ws/devel/.private/actionlib_tutorials/lib/actionlib_tutorials/averaging_client[0m
[  5%] Built target averaging_client
[  6%] [34m[1mGenerating Lisp code from actionlib_tutorials/AveragingActionGoal.msg[0m
[  7%] [34m[1mGenerating Lisp code from actionlib_tutorials/FibonacciAction.msg[0m
[  8%] [34m[1mGenerating Lisp code from actionlib_tutorials/FibonacciActionResult.msg[0m
[ 10%] [34m[1mGenerating Lisp code from actionlib_tutorials/AveragingAction.msg[0m
[ 11%] [34m[1mGenerating Lisp code from actionlib_tutorials/AveragingActionFeedback.msg[0m
[ 12%] [34m[1mGenerating Lisp code from actionlib_tutorials/AveragingActionResult.msg[0m
[ 13%] [34m[1mGenerating Lisp code from actionlib_tutorials/FibonacciActionFeedback.msg[0m
[ 15%] [34m[1mGenerating Lisp code from actionlib_tutorials/FibonacciActionGoal.msg[0m
[ 22%] Built target actionlib_tutorials_generate_messages_lisp
[ 23%] [34m[1mGenerating C++ code from actionlib_tutorials/AveragingActionGoal.msg[0m
[ 25%] [34m[1mGenerating C++ code from actionlib_tutorials/FibonacciAction.msg[0m
[ 26%] [34m[1mGenerating C++ code from actionlib_tutorials/FibonacciActionResult.msg[0m
[ 27%] [34m[1mGenerating C++ code from actionlib_tutorials/AveragingAction.msg[0m
[ 28%] [34m[1mGenerating C++ code from actionlib_tutorials/AveragingActionFeedback.msg[0m
[ 30%] [34m[1mGenerating C++ code from actionlib_tutorials/AveragingActionResult.msg[0m
[ 31%] [34m[1mGenerating C++ code from actionlib_tutorials/FibonacciActionFeedback.msg[0m
[ 32%] [34m[1mGenerating C++ code from actionlib_tutorials/FibonacciActionGoal.msg[0m
[ 33%] [34m[1mGenerating Python from MSG actionlib_tutorials/AveragingActionGoal[0m
[ 41%] Built target actionlib_tutorials_generate_messages_cpp
[ 42%] [34m[1mGenerating Python from MSG actionlib_tutorials/FibonacciAction[0m
[ 43%] [34m[1mGenerating Javascript code from actionlib_tutorials/AveragingActionGoal.msg[0m
[ 45%] [34m[1mGenerating Python from MSG actionlib_tutorials/FibonacciActionResult[0m
[ 46%] [34m[1mGenerating Javascript code from actionlib_tutorials/FibonacciAction.msg[0m
[ 47%] [34m[1mGenerating Javascript code from actionlib_tutorials/FibonacciActionResult.msg[0m
[ 48%] [34m[1mGenerating Javascript code from actionlib_tutorials/AveragingAction.msg[0m
[ 50%] [34m[1mGenerating Python from MSG actionlib_tutorials/AveragingAction[0m
[ 51%] [34m[1mGenerating Javascript code from actionlib_tutorials/AveragingActionFeedback.msg[0m
[ 52%] [34m[1mGenerating Javascript code from actionlib_tutorials/AveragingActionResult.msg[0m
[ 53%] [34m[1mGenerating Python from MSG actionlib_tutorials/AveragingActionFeedback[0m
[ 55%] [34m[1mGenerating Javascript code from actionlib_tutorials/FibonacciActionFeedback.msg[0m
[ 56%] [34m[1mGenerating Python from MSG actionlib_tutorials/AveragingActionResult[0m
[ 57%] [34m[1mGenerating Javascript code from actionlib_tutorials/FibonacciActionGoal.msg[0m
[ 65%] Built target actionlib_tutorials_generate_messages_nodejs
[ 66%] [34m[1mGenerating Python from MSG actionlib_tutorials/FibonacciActionFeedback[0m
[ 67%] [34m[1mGenerating Python from MSG actionlib_tutorials/FibonacciActionGoal[0m
[ 68%] [34m[1mGenerating EusLisp code from actionlib_tutorials/AveragingActionGoal.msg[0m
[ 70%] [34m[1mGenerating EusLisp code from actionlib_tutorials/FibonacciAction.msg[0m
[ 71%] [34m[1mGenerating EusLisp code from actionlib_tutorials/FibonacciActionResult.msg[0m
[ 72%] [34m[1mGenerating EusLisp code from actionlib_tutorials/AveragingAction.msg[0m
[ 73%] [34m[1mGenerating Python msg __init__.py for actionlib_tutorials[0m
[ 75%] [34m[1mGenerating EusLisp code from actionlib_tutorials/AveragingActionFeedback.msg[0m
[ 76%] [34m[1mGenerating EusLisp code from actionlib_tutorials/AveragingActionResult.msg[0m
[ 83%] Built target actionlib_tutorials_generate_messages_py
[ 85%] [34m[1mGenerating EusLisp code from actionlib_tutorials/FibonacciActionFeedback.msg[0m
[ 86%] [34m[1mGenerating EusLisp code from actionlib_tutorials/FibonacciActionGoal.msg[0m
[ 95%] Built target actionlib_tutorials_generate_messages_eus
[35m[1mScanning dependencies of target fibonacci_server[0m
[ 96%] [32mBuilding CXX object CMakeFiles/fibonacci_server.dir/src/fibonacci_server.cpp.o[0m
[35m[1mScanning dependencies of target fibonacci_client[0m
[ 97%] [32mBuilding CXX object CMakeFiles/fibonacci_client.dir/src/fibonacci_client.cpp.o[0m
[ 97%] Built target actionlib_tutorials_generate_messages
[ 98%] [32m[1mLinking CXX executable /home/ying/wy_ws/devel/.private/actionlib_tutorials/lib/actionlib_tutorials/fibonacci_server[0m
[ 98%] Built target fibonacci_server
[100%] [32m[1mLinking CXX executable /home/ying/wy_ws/devel/.private/actionlib_tutorials/lib/actionlib_tutorials/fibonacci_client[0m
[100%] Built target fibonacci_client
