[  0%] Built target _actionlib_tutorials_generate_messages_check_deps_FibonacciActionResult
[  0%] Built target _actionlib_tutorials_generate_messages_check_deps_FibonacciFeedback
[  0%] Built target _actionlib_tutorials_generate_messages_check_deps_AveragingActionGoal
[  0%] Built target _actionlib_tutorials_generate_messages_check_deps_FibonacciActionFeedback
[  0%] Built target _actionlib_tutorials_generate_messages_check_deps_AveragingGoal
[  0%] Built target _actionlib_tutorials_generate_messages_check_deps_AveragingActionFeedback
[  0%] Built target _actionlib_tutorials_generate_messages_check_deps_AveragingAction
[  0%] Built target _actionlib_tutorials_generate_messages_check_deps_FibonacciResult
[  0%] Built target _actionlib_tutorials_generate_messages_check_deps_AveragingResult
[  0%] Built target actionlib_msgs_generate_messages_lisp
[  0%] Built target _actionlib_tutorials_generate_messages_check_deps_AveragingFeedback
[  0%] Built target _actionlib_tutorials_generate_messages_check_deps_AveragingActionResult
[  0%] Built target _actionlib_tutorials_generate_messages_check_deps_FibonacciGoal
[  0%] Built target _actionlib_tutorials_generate_messages_check_deps_FibonacciAction
[  0%] Built target std_msgs_generate_messages_lisp
[  0%] Built target actionlib_msgs_generate_messages_py
[  0%] Built target _actionlib_tutorials_generate_messages_check_deps_FibonacciActionGoal
[  0%] Built target actionlib_msgs_generate_messages_cpp
[  0%] Built target std_msgs_generate_messages_cpp
[  0%] Built target std_msgs_generate_messages_nodejs
[  0%] Built target std_msgs_generate_messages_py
[  0%] Built target actionlib_msgs_generate_messages_eus
[  0%] Built target actionlib_msgs_generate_messages_nodejs
[  0%] Built target std_msgs_generate_messages_eus
[ 17%] Built target actionlib_tutorials_generate_messages_lisp
[ 35%] Built target actionlib_tutorials_generate_messages_cpp
[35m[1mScanning dependencies of target averaging_client[0m
[35m[1mScanning dependencies of target averaging_server[0m
[ 53%] Built target actionlib_tutorials_generate_messages_py
[ 71%] Built target actionlib_tutorials_generate_messages_nodejs
[ 90%] Built target actionlib_tutorials_generate_messages_eus
[ 91%] [32mBuilding CXX object CMakeFiles/averaging_client.dir/src/averaging_client.cpp.o[0m
[ 92%] [32mBuilding CXX object CMakeFiles/averaging_server.dir/src/averaging_server.cpp.o[0m
[ 95%] Built target fibonacci_server
[ 97%] Built target fibonacci_client
[ 97%] Built target actionlib_tutorials_generate_messages
[ 98%] [32m[1mLinking CXX executable /home/ying/wy_ws/devel/.private/actionlib_tutorials/lib/actionlib_tutorials/averaging_server[0m
[100%] [32m[1mLinking CXX executable /home/ying/wy_ws/devel/.private/actionlib_tutorials/lib/actionlib_tutorials/averaging_client[0m
[100%] Built target averaging_server
[100%] Built target averaging_client
