[  2%] Built target averaging_server
[  2%] Built target _actionlib_tutorials_generate_messages_check_deps_AveragingActionGoal
[  2%] Built target _actionlib_tutorials_generate_messages_check_deps_AveragingActionFeedback
[  2%] Built target _actionlib_tutorials_generate_messages_check_deps_FibonacciAction
[  2%] Built target std_msgs_generate_messages_lisp
[  2%] Built target _actionlib_tutorials_generate_messages_check_deps_FibonacciActionFeedback
[  2%] Built target actionlib_msgs_generate_messages_lisp
[  2%] Built target _actionlib_tutorials_generate_messages_check_deps_AveragingActionResult
[  2%] Built target _actionlib_tutorials_generate_messages_check_deps_AveragingFeedback
[  2%] Built target _actionlib_tutorials_generate_messages_check_deps_FibonacciActionResult
[  2%] Built target _actionlib_tutorials_generate_messages_check_deps_FibonacciGoal
[  2%] Built target _actionlib_tutorials_generate_messages_check_deps_FibonacciResult
[  2%] Built target _actionlib_tutorials_generate_messages_check_deps_AveragingAction
[  2%] Built target _actionlib_tutorials_generate_messages_check_deps_AveragingResult
[  2%] Built target _actionlib_tutorials_generate_messages_check_deps_AveragingGoal
[  2%] Built target _actionlib_tutorials_generate_messages_check_deps_FibonacciActionGoal
[  2%] Built target _actionlib_tutorials_generate_messages_check_deps_FibonacciFeedback
[  2%] Built target actionlib_msgs_generate_messages_py
[  2%] Built target std_msgs_generate_messages_nodejs
[  2%] Built target std_msgs_generate_messages_py
[  2%] Built target actionlib_msgs_generate_messages_eus
[  2%] Built target std_msgs_generate_messages_eus
[  2%] Built target actionlib_msgs_generate_messages_nodejs
[  2%] Built target actionlib_msgs_generate_messages_cpp
[  2%] Built target std_msgs_generate_messages_cpp
[  5%] Built target averaging_client
[ 22%] Built target actionlib_tutorials_generate_messages_lisp
[ 41%] Built target actionlib_tutorials_generate_messages_py
[ 58%] Built target actionlib_tutorials_generate_messages_nodejs
[ 77%] Built target actionlib_tutorials_generate_messages_eus
[ 95%] Built target actionlib_tutorials_generate_messages_cpp
[ 97%] Built target fibonacci_client
[ 97%] Built target actionlib_tutorials_generate_messages
[100%] Built target fibonacci_server
