[  0%] Built target geometry_msgs_generate_messages_nodejs
[  0%] Built target _move_base_msgs_generate_messages_check_deps_MoveBaseFeedback
[  0%] Built target _move_base_msgs_generate_messages_check_deps_MoveBaseActionResult
[  0%] Built target _move_base_msgs_generate_messages_check_deps_MoveBaseGoal
[  0%] Built target _move_base_msgs_generate_messages_check_deps_MoveBaseActionFeedback
[  0%] Built target _move_base_msgs_generate_messages_check_deps_MoveBaseAction
[  0%] Built target actionlib_msgs_generate_messages_nodejs
[  0%] Built target _move_base_msgs_generate_messages_check_deps_MoveBaseActionGoal
[  0%] Built target geometry_msgs_generate_messages_lisp
[  0%] Built target _move_base_msgs_generate_messages_check_deps_MoveBaseResult
[  0%] Built target actionlib_msgs_generate_messages_lisp
[  0%] Built target geometry_msgs_generate_messages_py
[  0%] Built target actionlib_msgs_generate_messages_py
[  0%] Built target actionlib_msgs_generate_messages_eus
[  0%] Built target geometry_msgs_generate_messages_eus
[  0%] Built target geometry_msgs_generate_messages_cpp
[  0%] Built target actionlib_msgs_generate_messages_cpp
[ 18%] Built target move_base_msgs_generate_messages_nodejs
[ 37%] Built target move_base_msgs_generate_messages_lisp
[ 59%] Built target move_base_msgs_generate_messages_py
[ 81%] Built target move_base_msgs_generate_messages_eus
[100%] Built target move_base_msgs_generate_messages_cpp
[100%] Built target move_base_msgs_generate_messages
