[  0%] Built target _move_base_msgs_generate_messages_check_deps_MoveBaseGoal
[  0%] Built target _move_base_msgs_generate_messages_check_deps_MoveBaseActionGoal
[  0%] Built target actionlib_msgs_generate_messages_lisp
[  0%] Built target geometry_msgs_generate_messages_lisp
[  0%] Built target _move_base_msgs_generate_messages_check_deps_MoveBaseAction
[  0%] Built target _move_base_msgs_generate_messages_check_deps_MoveBaseFeedback
[  0%] Built target _move_base_msgs_generate_messages_check_deps_MoveBaseActionFeedback
[  0%] Built target _move_base_msgs_generate_messages_check_deps_MoveBaseResult
[  0%] Built target _move_base_msgs_generate_messages_check_deps_MoveBaseActionResult
[  0%] Built target actionlib_msgs_generate_messages_py
[  0%] Built target geometry_msgs_generate_messages_py
[  0%] Built target actionlib_msgs_generate_messages_cpp
[  0%] Built target geometry_msgs_generate_messages_cpp
[  0%] Built target actionlib_msgs_generate_messages_nodejs
[  0%] Built target geometry_msgs_generate_messages_nodejs
[  0%] Built target actionlib_msgs_generate_messages_eus
[  0%] Built target geometry_msgs_generate_messages_eus
[  2%] [34m[1mGenerating Lisp code from move_base_msgs/MoveBaseActionGoal.msg[0m
[  5%] [34m[1mGenerating Lisp code from move_base_msgs/MoveBaseAction.msg[0m
[  8%] [34m[1mGenerating Lisp code from move_base_msgs/MoveBaseActionResult.msg[0m
[ 10%] [34m[1mGenerating Python from MSG move_base_msgs/MoveBaseActionGoal[0m
[ 13%] [34m[1mGenerating Python from MSG move_base_msgs/MoveBaseAction[0m
[ 16%] [34m[1mGenerating Lisp code from move_base_msgs/MoveBaseGoal.msg[0m
[ 18%] [34m[1mGenerating Lisp code from move_base_msgs/MoveBaseActionFeedback.msg[0m
[ 21%] [34m[1mGenerating Python from MSG move_base_msgs/MoveBaseActionResult[0m
[ 24%] [34m[1mGenerating Lisp code from move_base_msgs/MoveBaseFeedback.msg[0m
[ 27%] [34m[1mGenerating C++ code from move_base_msgs/MoveBaseActionGoal.msg[0m
[ 29%] Built target move_base_msgs_generate_messages_lisp
[ 32%] [34m[1mGenerating Javascript code from move_base_msgs/MoveBaseActionGoal.msg[0m
[ 35%] [34m[1mGenerating Python from MSG move_base_msgs/MoveBaseGoal[0m
[ 37%] [34m[1mGenerating Javascript code from move_base_msgs/MoveBaseAction.msg[0m
[ 40%] [34m[1mGenerating Javascript code from move_base_msgs/MoveBaseActionResult.msg[0m
[ 43%] [34m[1mGenerating C++ code from move_base_msgs/MoveBaseAction.msg[0m
[ 45%] [34m[1mGenerating Python from MSG move_base_msgs/MoveBaseActionFeedback[0m
[ 48%] [34m[1mGenerating Javascript code from move_base_msgs/MoveBaseGoal.msg[0m
[ 51%] [34m[1mGenerating Javascript code from move_base_msgs/MoveBaseActionFeedback.msg[0m
[ 54%] [34m[1mGenerating Python from MSG move_base_msgs/MoveBaseFeedback[0m
[ 56%] [34m[1mGenerating Javascript code from move_base_msgs/MoveBaseFeedback.msg[0m
[ 59%] [34m[1mGenerating C++ code from move_base_msgs/MoveBaseActionResult.msg[0m
[ 62%] Built target move_base_msgs_generate_messages_nodejs
[ 64%] [34m[1mGenerating C++ code from move_base_msgs/MoveBaseGoal.msg[0m
[ 67%] [34m[1mGenerating Python msg __init__.py for move_base_msgs[0m
[ 70%] [34m[1mGenerating C++ code from move_base_msgs/MoveBaseActionFeedback.msg[0m
[ 72%] Built target move_base_msgs_generate_messages_py
[ 75%] [34m[1mGenerating EusLisp code from move_base_msgs/MoveBaseActionGoal.msg[0m
[ 78%] [34m[1mGenerating EusLisp code from move_base_msgs/MoveBaseAction.msg[0m
[ 81%] [34m[1mGenerating C++ code from move_base_msgs/MoveBaseFeedback.msg[0m
[ 83%] [34m[1mGenerating EusLisp code from move_base_msgs/MoveBaseActionResult.msg[0m
[ 86%] [34m[1mGenerating EusLisp code from move_base_msgs/MoveBaseGoal.msg[0m
[ 89%] [34m[1mGenerating EusLisp code from move_base_msgs/MoveBaseActionFeedback.msg[0m
[ 91%] Built target move_base_msgs_generate_messages_cpp
[ 94%] [34m[1mGenerating EusLisp code from move_base_msgs/MoveBaseFeedback.msg[0m
[100%] Built target move_base_msgs_generate_messages_eus
[100%] Built target move_base_msgs_generate_messages
