Determining if the pthread_create exist failed with the following output:
Change Dir: /home/ying/wy_ws/build/mocap_ref/CMakeFiles/CMakeTmp

Run Build Command:"/usr/bin/make" "cmTC_dcd3c/fast"
/usr/bin/make -f CMakeFiles/cmTC_dcd3c.dir/build.make CMakeFiles/cmTC_dcd3c.dir/build
make[1]: Entering directory '/home/ying/wy_ws/build/mocap_ref/CMakeFiles/CMakeTmp'
Building C object CMakeFiles/cmTC_dcd3c.dir/CheckSymbolExists.c.o
/usr/bin/cc     -o CMakeFiles/cmTC_dcd3c.dir/CheckSymbolExists.c.o   -c /home/ying/wy_ws/build/mocap_ref/CMakeFiles/CMakeTmp/CheckSymbolExists.c
Linking C executable cmTC_dcd3c
/usr/bin/cmake -E cmake_link_script CMakeFiles/cmTC_dcd3c.dir/link.txt --verbose=1
/usr/bin/cc       CMakeFiles/cmTC_dcd3c.dir/CheckSymbolExists.c.o  -o cmTC_dcd3c -rdynamic 
CMakeFiles/cmTC_dcd3c.dir/CheckSymbolExists.c.o：在函数‘main’中：
CheckSymbolExists.c:(.text+0x16)：对‘pthread_create’未定义的引用
collect2: error: ld returned 1 exit status
CMakeFiles/cmTC_dcd3c.dir/build.make:97: recipe for target 'cmTC_dcd3c' failed
make[1]: *** [cmTC_dcd3c] Error 1
make[1]: Leaving directory '/home/ying/wy_ws/build/mocap_ref/CMakeFiles/CMakeTmp'
Makefile:126: recipe for target 'cmTC_dcd3c/fast' failed
make: *** [cmTC_dcd3c/fast] Error 2

File /home/ying/wy_ws/build/mocap_ref/CMakeFiles/CMakeTmp/CheckSymbolExists.c:
/* */
#include <pthread.h>

int main(int argc, char** argv)
{
  (void)argv;
#ifndef pthread_create
  return ((int*)(&pthread_create))[argc];
#else
  (void)argc;
  return 0;
#endif
}

Determining if the function pthread_create exists in the pthreads failed with the following output:
Change Dir: /home/ying/wy_ws/build/mocap_ref/CMakeFiles/CMakeTmp

Run Build Command:"/usr/bin/make" "cmTC_0794e/fast"
/usr/bin/make -f CMakeFiles/cmTC_0794e.dir/build.make CMakeFiles/cmTC_0794e.dir/build
make[1]: Entering directory '/home/ying/wy_ws/build/mocap_ref/CMakeFiles/CMakeTmp'
Building C object CMakeFiles/cmTC_0794e.dir/CheckFunctionExists.c.o
/usr/bin/cc    -DCHECK_FUNCTION_EXISTS=pthread_create   -o CMakeFiles/cmTC_0794e.dir/CheckFunctionExists.c.o   -c /usr/share/cmake-3.5/Modules/CheckFunctionExists.c
Linking C executable cmTC_0794e
/usr/bin/cmake -E cmake_link_script CMakeFiles/cmTC_0794e.dir/link.txt --verbose=1
/usr/bin/cc   -DCHECK_FUNCTION_EXISTS=pthread_create    CMakeFiles/cmTC_0794e.dir/CheckFunctionExists.c.o  -o cmTC_0794e -rdynamic -lpthreads 
/usr/bin/ld: 找不到 -lpthreads
collect2: error: ld returned 1 exit status
CMakeFiles/cmTC_0794e.dir/build.make:97: recipe for target 'cmTC_0794e' failed
make[1]: *** [cmTC_0794e] Error 1
make[1]: Leaving directory '/home/ying/wy_ws/build/mocap_ref/CMakeFiles/CMakeTmp'
Makefile:126: recipe for target 'cmTC_0794e/fast' failed
make: *** [cmTC_0794e/fast] Error 2


