Determining if the pthread_create exist failed with the following output:
Change Dir: /home/ying/wy_ws/build/mocap_refe/CMakeFiles/CMakeTmp

Run Build Command:"/usr/bin/make" "cmTC_f88ef/fast"
/usr/bin/make -f CMakeFiles/cmTC_f88ef.dir/build.make CMakeFiles/cmTC_f88ef.dir/build
make[1]: Entering directory '/home/ying/wy_ws/build/mocap_refe/CMakeFiles/CMakeTmp'
Building C object CMakeFiles/cmTC_f88ef.dir/CheckSymbolExists.c.o
/usr/bin/cc     -o CMakeFiles/cmTC_f88ef.dir/CheckSymbolExists.c.o   -c /home/ying/wy_ws/build/mocap_refe/CMakeFiles/CMakeTmp/CheckSymbolExists.c
Linking C executable cmTC_f88ef
/usr/bin/cmake -E cmake_link_script CMakeFiles/cmTC_f88ef.dir/link.txt --verbose=1
/usr/bin/cc       CMakeFiles/cmTC_f88ef.dir/CheckSymbolExists.c.o  -o cmTC_f88ef -rdynamic 
CMakeFiles/cmTC_f88ef.dir/CheckSymbolExists.c.o：在函数‘main’中：
CheckSymbolExists.c:(.text+0x16)：对‘pthread_create’未定义的引用
collect2: error: ld returned 1 exit status
CMakeFiles/cmTC_f88ef.dir/build.make:97: recipe for target 'cmTC_f88ef' failed
make[1]: *** [cmTC_f88ef] Error 1
make[1]: Leaving directory '/home/ying/wy_ws/build/mocap_refe/CMakeFiles/CMakeTmp'
Makefile:126: recipe for target 'cmTC_f88ef/fast' failed
make: *** [cmTC_f88ef/fast] Error 2

File /home/ying/wy_ws/build/mocap_refe/CMakeFiles/CMakeTmp/CheckSymbolExists.c:
/* */
#include <pthread.h>

int main(int argc, char** argv)
{
  (void)argv;
#ifndef pthread_create
  return ((int*)(&pthread_create))[argc];
#else
  (void)argc;
  return 0;
#endif
}

Determining if the function pthread_create exists in the pthreads failed with the following output:
Change Dir: /home/ying/wy_ws/build/mocap_refe/CMakeFiles/CMakeTmp

Run Build Command:"/usr/bin/make" "cmTC_5599a/fast"
/usr/bin/make -f CMakeFiles/cmTC_5599a.dir/build.make CMakeFiles/cmTC_5599a.dir/build
make[1]: Entering directory '/home/ying/wy_ws/build/mocap_refe/CMakeFiles/CMakeTmp'
Building C object CMakeFiles/cmTC_5599a.dir/CheckFunctionExists.c.o
/usr/bin/cc    -DCHECK_FUNCTION_EXISTS=pthread_create   -o CMakeFiles/cmTC_5599a.dir/CheckFunctionExists.c.o   -c /usr/share/cmake-3.5/Modules/CheckFunctionExists.c
Linking C executable cmTC_5599a
/usr/bin/cmake -E cmake_link_script CMakeFiles/cmTC_5599a.dir/link.txt --verbose=1
/usr/bin/cc   -DCHECK_FUNCTION_EXISTS=pthread_create    CMakeFiles/cmTC_5599a.dir/CheckFunctionExists.c.o  -o cmTC_5599a -rdynamic -lpthreads 
/usr/bin/ld: 找不到 -lpthreads
collect2: error: ld returned 1 exit status
CMakeFiles/cmTC_5599a.dir/build.make:97: recipe for target 'cmTC_5599a' failed
make[1]: *** [cmTC_5599a] Error 1
make[1]: Leaving directory '/home/ying/wy_ws/build/mocap_refe/CMakeFiles/CMakeTmp'
Makefile:126: recipe for target 'cmTC_5599a/fast' failed
make: *** [cmTC_5599a/fast] Error 2


