[  0%] Built target _map_msgs_generate_messages_check_deps_GetPointMap
[  0%] Built target _map_msgs_generate_messages_check_deps_OccupancyGridUpdate
[  0%] Built target _map_msgs_generate_messages_check_deps_GetMapROI
[  0%] Built target _map_msgs_generate_messages_check_deps_PointCloud2Update
[  0%] Built target _map_msgs_generate_messages_check_deps_SetMapProjections
[  0%] Built target _map_msgs_generate_messages_check_deps_ProjectedMap
[  0%] Built target _map_msgs_generate_messages_check_deps_ProjectedMapInfo
[  0%] Built target _map_msgs_generate_messages_check_deps_GetPointMapROI
[  0%] Built target std_msgs_generate_messages_cpp
[  0%] Built target nav_msgs_generate_messages_cpp
[  0%] Built target sensor_msgs_generate_messages_cpp
[  0%] Built target _map_msgs_generate_messages_check_deps_ProjectedMapsInfo
[  0%] Built target _map_msgs_generate_messages_check_deps_SaveMap
[  0%] Built target std_msgs_generate_messages_py
[  0%] Built target nav_msgs_generate_messages_py
[  0%] Built target sensor_msgs_generate_messages_py
[  0%] Built target sensor_msgs_generate_messages_eus
[  0%] Built target std_msgs_generate_messages_eus
[  0%] Built target nav_msgs_generate_messages_eus
[  0%] Built target sensor_msgs_generate_messages_nodejs
[  0%] Built target std_msgs_generate_messages_nodejs
[  0%] Built target nav_msgs_generate_messages_nodejs
[  0%] Built target std_msgs_generate_messages_lisp
[  0%] Built target sensor_msgs_generate_messages_lisp
[  0%] Built target nav_msgs_generate_messages_lisp
[  1%] [34m[1mGenerating C++ code from map_msgs/ProjectedMap.msg[0m
[  3%] [34m[1mGenerating C++ code from map_msgs/PointCloud2Update.msg[0m
[  5%] [34m[1mGenerating C++ code from map_msgs/GetPointMap.srv[0m
[  7%] [34m[1mGenerating C++ code from map_msgs/GetPointMapROI.srv[0m
[  9%] [34m[1mGenerating C++ code from map_msgs/GetMapROI.srv[0m
[ 18%] Built target map_msgs_generate_messages_cpp
[ 20%] [34m[1mGenerating Python from MSG map_msgs/ProjectedMap[0m
[ 22%] [34m[1mGenerating Python from MSG map_msgs/PointCloud2Update[0m
[ 24%] [34m[1mGenerating Python code from SRV map_msgs/GetPointMap[0m
[ 26%] [34m[1mGenerating Python code from SRV map_msgs/GetPointMapROI[0m
[ 28%] [34m[1mGenerating Python code from SRV map_msgs/GetMapROI[0m
[ 30%] [34m[1mGenerating Python msg __init__.py for map_msgs[0m
[ 32%] [34m[1mGenerating Python srv __init__.py for map_msgs[0m
[ 41%] Built target map_msgs_generate_messages_py
[ 43%] [34m[1mGenerating EusLisp code from map_msgs/ProjectedMap.msg[0m
[ 45%] [34m[1mGenerating EusLisp code from map_msgs/PointCloud2Update.msg[0m
[ 47%] [34m[1mGenerating EusLisp code from map_msgs/GetPointMap.srv[0m
[ 49%] [34m[1mGenerating EusLisp code from map_msgs/GetPointMapROI.srv[0m
[ 50%] [34m[1mGenerating EusLisp code from map_msgs/GetMapROI.srv[0m
[ 62%] Built target map_msgs_generate_messages_eus
[ 64%] [34m[1mGenerating Javascript code from map_msgs/ProjectedMap.msg[0m
[ 66%] [34m[1mGenerating Javascript code from map_msgs/PointCloud2Update.msg[0m
[ 67%] [34m[1mGenerating Javascript code from map_msgs/GetPointMap.srv[0m
[ 69%] [34m[1mGenerating Javascript code from map_msgs/GetPointMapROI.srv[0m
[ 71%] [34m[1mGenerating Javascript code from map_msgs/GetMapROI.srv[0m
[ 81%] Built target map_msgs_generate_messages_nodejs
[ 83%] [34m[1mGenerating Lisp code from map_msgs/ProjectedMap.msg[0m
[ 84%] [34m[1mGenerating Lisp code from map_msgs/PointCloud2Update.msg[0m
[ 86%] [34m[1mGenerating Lisp code from map_msgs/GetPointMap.srv[0m
[ 88%] [34m[1mGenerating Lisp code from map_msgs/GetPointMapROI.srv[0m
[ 90%] [34m[1mGenerating Lisp code from map_msgs/GetMapROI.srv[0m
[100%] Built target map_msgs_generate_messages_lisp
[100%] Built target map_msgs_generate_messages
