[36m--[0m Using CATKIN_DEVEL_PREFIX: /home/ying/wy_ws/devel/.private/husky_base
[36m--[0m Using CMAKE_PREFIX_PATH: /home/ying/wy_ws/devel;/home/ying/px4/catkin_ws/devel;/opt/ros/kinetic
[36m--[0m This workspace overlays: /home/ying/wy_ws/devel;/home/ying/px4/catkin_ws/devel;/opt/ros/kinetic
[36m--[0m Using PYTHON_EXECUTABLE: /usr/bin/python
[36m--[0m Using Debian Python package layout
[36m--[0m Using empy: /usr/bin/empy
[36m--[0m Using CATKIN_ENABLE_TESTING: ON
[36m--[0m Call enable_testing()
[36m--[0m Using CATKIN_TEST_RESULTS_DIR: /home/ying/wy_ws/build/husky_base/test_results
[36m--[0m Found gmock sources under '/usr/src/gmock': gmock will be built
[36m--[0m Found gtest sources under '/usr/src/gmock': gtests will be built
[36m--[0m Using Python nosetests: /usr/bin/nosetests-2.7
[36m--[0m catkin 0.7.14
[36m--[0m Boost version: 1.58.0
[36m--[0m Found the following Boost libraries:
[36m--[0m   chrono
[36m--[0m   system
[36m--[0m Configuring done
[36m--[0m Generating done
[36m--[0m Build files have been written to: /home/ying/wy_ws/build/husky_base
