Determining if the pthread_create exist failed with the following output:
Change Dir: /home/ying/wy_ws/build/husky_navigation/CMakeFiles/CMakeTmp

Run Build Command:"/usr/bin/make" "cmTC_61f07/fast"
/usr/bin/make -f CMakeFiles/cmTC_61f07.dir/build.make CMakeFiles/cmTC_61f07.dir/build
make[1]: Entering directory '/home/ying/wy_ws/build/husky_navigation/CMakeFiles/CMakeTmp'
Building C object CMakeFiles/cmTC_61f07.dir/CheckSymbolExists.c.o
/usr/bin/cc     -o CMakeFiles/cmTC_61f07.dir/CheckSymbolExists.c.o   -c /home/ying/wy_ws/build/husky_navigation/CMakeFiles/CMakeTmp/CheckSymbolExists.c
Linking C executable cmTC_61f07
/usr/bin/cmake -E cmake_link_script CMakeFiles/cmTC_61f07.dir/link.txt --verbose=1
/usr/bin/cc       CMakeFiles/cmTC_61f07.dir/CheckSymbolExists.c.o  -o cmTC_61f07 -rdynamic 
CMakeFiles/cmTC_61f07.dir/CheckSymbolExists.c.o：在函数‘main’中：
CheckSymbolExists.c:(.text+0x16)：对‘pthread_create’未定义的引用
collect2: error: ld returned 1 exit status
CMakeFiles/cmTC_61f07.dir/build.make:97: recipe for target 'cmTC_61f07' failed
make[1]: *** [cmTC_61f07] Error 1
make[1]: Leaving directory '/home/ying/wy_ws/build/husky_navigation/CMakeFiles/CMakeTmp'
Makefile:126: recipe for target 'cmTC_61f07/fast' failed
make: *** [cmTC_61f07/fast] Error 2

File /home/ying/wy_ws/build/husky_navigation/CMakeFiles/CMakeTmp/CheckSymbolExists.c:
/* */
#include <pthread.h>

int main(int argc, char** argv)
{
  (void)argv;
#ifndef pthread_create
  return ((int*)(&pthread_create))[argc];
#else
  (void)argc;
  return 0;
#endif
}

Determining if the function pthread_create exists in the pthreads failed with the following output:
Change Dir: /home/ying/wy_ws/build/husky_navigation/CMakeFiles/CMakeTmp

Run Build Command:"/usr/bin/make" "cmTC_b74c2/fast"
/usr/bin/make -f CMakeFiles/cmTC_b74c2.dir/build.make CMakeFiles/cmTC_b74c2.dir/build
make[1]: Entering directory '/home/ying/wy_ws/build/husky_navigation/CMakeFiles/CMakeTmp'
Building C object CMakeFiles/cmTC_b74c2.dir/CheckFunctionExists.c.o
/usr/bin/cc    -DCHECK_FUNCTION_EXISTS=pthread_create   -o CMakeFiles/cmTC_b74c2.dir/CheckFunctionExists.c.o   -c /usr/share/cmake-3.5/Modules/CheckFunctionExists.c
Linking C executable cmTC_b74c2
/usr/bin/cmake -E cmake_link_script CMakeFiles/cmTC_b74c2.dir/link.txt --verbose=1
/usr/bin/cc   -DCHECK_FUNCTION_EXISTS=pthread_create    CMakeFiles/cmTC_b74c2.dir/CheckFunctionExists.c.o  -o cmTC_b74c2 -rdynamic -lpthreads 
/usr/bin/ld: 找不到 -lpthreads
collect2: error: ld returned 1 exit status
CMakeFiles/cmTC_b74c2.dir/build.make:97: recipe for target 'cmTC_b74c2' failed
make[1]: *** [cmTC_b74c2] Error 1
make[1]: Leaving directory '/home/ying/wy_ws/build/husky_navigation/CMakeFiles/CMakeTmp'
Makefile:126: recipe for target 'cmTC_b74c2/fast' failed
make: *** [cmTC_b74c2/fast] Error 2


